# JRE version: Java(TM) SE Runtime Environment (12.0.2+10) (build 12.0.2+10)
# Java VM: Java HotSpot(TM) 64-Bit Server VM (12.0.2+10, mixed mode, sharing, tiered, compressed oops, g1 gc, windows-amd64)
Heap:
 garbage-first heap   total 88064K, used 28400K [0x0000000081c00000, 0x0000000100000000)
  region size 1024K, 3 young (3072K), 3 survivors (3072K)
 Metaspace       used 49591K, capacity 50905K, committed 51064K, reserved 1093632K
  class space    used 6892K, capacity 7399K, committed 7544K, reserved 1048576K
GC Heap History (10 events):
Event: 6.824 GC heap after
{Heap after GC invocations=25 (full 0):
 garbage-first heap   total 58368K, used 23557K [0x0000000081c00000, 0x0000000100000000)
  region size 1024K, 1 young (1024K), 1 survivors (1024K)
 Metaspace       used 34323K, capacity 35521K, committed 35584K, reserved 1081344K
  class space    used 4660K, capacity 5115K, committed 5120K, reserved 1048576K
}
Event: 7.064 GC heap before
{Heap before GC invocations=26 (full 0):
 garbage-first heap   total 58368K, used 45061K [0x0000000081c00000, 0x0000000100000000)
  region size 1024K, 22 young (22528K), 1 survivors (1024K)
 Metaspace       used 37176K, capacity 38444K, committed 38520K, reserved 1083392K
  class space    used 4981K, capacity 5471K, committed 5496K, reserved 1048576K
}
Event: 7.068 GC heap after
{Heap after GC invocations=27 (full 0):
 garbage-first heap   total 70656K, used 24561K [0x0000000081c00000, 0x0000000100000000)
  region size 1024K, 2 young (2048K), 2 survivors (2048K)
 Metaspace       used 37176K, capacity 38444K, committed 38520K, reserved 1083392K
  class space    used 4981K, capacity 5471K, committed 5496K, reserved 1048576K
}
Event: 7.320 GC heap before
{Heap before GC invocations=28 (full 0):
 garbage-first heap   total 70656K, used 51185K [0x0000000081c00000, 0x0000000100000000)
  region size 1024K, 28 young (28672K), 2 survivors (2048K)
 Metaspace       used 39760K, capacity 41033K, committed 41208K, reserved 1085440K
  class space    used 5304K, capacity 5799K, committed 5880K, reserved 1048576K
}
Event: 7.323 GC heap after
{Heap after GC invocations=29 (full 0):
 garbage-first heap   total 70656K, used 25952K [0x0000000081c00000, 0x0000000100000000)
  region size 1024K, 4 young (4096K), 4 survivors (4096K)
 Metaspace       used 39760K, capacity 41033K, committed 41208K, reserved 1085440K
  class space    used 5304K, capacity 5799K, committed 5880K, reserved 1048576K
}
Event: 7.628 GC heap before
{Heap before GC invocations=29 (full 0):
 garbage-first heap   total 70656K, used 51552K [0x0000000081c00000, 0x0000000100000000)
  region size 1024K, 29 young (29696K), 4 survivors (4096K)
 Metaspace       used 42659K, capacity 43953K, committed 44024K, reserved 1087488K
  class space    used 5863K, capacity 6365K, committed 6392K, reserved 1048576K
}
Event: 7.631 GC heap after
{Heap after GC invocations=30 (full 0):
 garbage-first heap   total 70656K, used 27119K [0x0000000081c00000, 0x0000000100000000)
  region size 1024K, 3 young (3072K), 3 survivors (3072K)
 Metaspace       used 42659K, capacity 43953K, committed 44024K, reserved 1087488K
  class space    used 5863K, capacity 6365K, committed 6392K, reserved 1048576K
}
Event: 7.947 GC heap before
{Heap before GC invocations=30 (full 0):
 garbage-first heap   total 70656K, used 53743K [0x0000000081c00000, 0x0000000100000000)
  region size 1024K, 29 young (29696K), 3 survivors (3072K)
 Metaspace       used 46460K, capacity 47738K, committed 47864K, reserved 1091584K
  class space    used 6365K, capacity 6860K, committed 6904K, reserved 1048576K
}
Event: 7.950 GC heap after
{Heap after GC invocations=31 (full 0):
 garbage-first heap   total 70656K, used 27889K [0x0000000081c00000, 0x0000000100000000)
  region size 1024K, 2 young (2048K), 2 survivors (2048K)
 Metaspace       used 46460K, capacity 47738K, committed 47864K, reserved 1091584K
  class space    used 6365K, capacity 6860K, committed 6904K, reserved 1048576K
}
Event: 8.241 GC heap before
{Heap before GC invocations=31 (full 0):
 garbage-first heap   total 70656K, used 54513K [0x0000000081c00000, 0x0000000100000000)
  region size 1024K, 28 young (28672K), 2 survivors (2048K)
 Metaspace       used 49591K, capacity 50905K, committed 51064K, reserved 1093632K
  class space    used 6892K, capacity 7399K, committed 7544K, reserved 1048576K
}

