# JRE version: Java(TM) SE Runtime Environment (12.0.2+10) (build 12.0.2+10)
# Java VM: Java HotSpot(TM) 64-Bit Server VM (12.0.2+10, mixed mode, sharing, tiered, compressed oops, g1 gc, windows-amd64)
Heap:
 garbage-first heap   total 165888K, used 110770K [0x0000000081c00000, 0x0000000100000000)
  region size 1024K, 41 young (41984K), 2 survivors (2048K)
 Metaspace       used 30211K, capacity 31130K, committed 31232K, reserved 1077248K
  class space    used 3183K, capacity 3529K, committed 3584K, reserved 1048576K
GC Heap History (10 events):
Event: 10.866 GC heap before
{Heap before GC invocations=15 (full 0):
 garbage-first heap   total 138240K, used 108502K [0x0000000081c00000, 0x0000000100000000)
  region size 1024K, 51 young (52224K), 5 survivors (5120K)
 Metaspace       used 28238K, capacity 29091K, committed 29312K, reserved 1075200K
  class space    used 3028K, capacity 3342K, committed 3456K, reserved 1048576K
}
Event: 10.884 GC heap after
{Heap after GC invocations=16 (full 0):
 garbage-first heap   total 138240K, used 71732K [0x0000000081c00000, 0x0000000100000000)
  region size 1024K, 7 young (7168K), 7 survivors (7168K)
 Metaspace       used 28238K, capacity 29091K, committed 29312K, reserved 1075200K
  class space    used 3028K, capacity 3342K, committed 3456K, reserved 1048576K
}
Event: 11.276 GC heap before
{Heap before GC invocations=16 (full 0):
 garbage-first heap   total 138240K, used 107572K [0x0000000081c00000, 0x0000000100000000)
  region size 1024K, 43 young (44032K), 7 survivors (7168K)
 Metaspace       used 28261K, capacity 29091K, committed 29312K, reserved 1075200K
  class space    used 3028K, capacity 3342K, committed 3456K, reserved 1048576K
}
Event: 11.288 GC heap after
{Heap after GC invocations=17 (full 0):
 garbage-first heap   total 138240K, used 77912K [0x0000000081c00000, 0x0000000100000000)
  region size 1024K, 6 young (6144K), 6 survivors (6144K)
 Metaspace       used 28261K, capacity 29091K, committed 29312K, reserved 1075200K
  class space    used 3028K, capacity 3342K, committed 3456K, reserved 1048576K
}
Event: 12.077 GC heap before
{Heap before GC invocations=18 (full 0):
 garbage-first heap   total 138240K, used 105560K [0x0000000081c00000, 0x0000000100000000)
  region size 1024K, 36 young (36864K), 6 survivors (6144K)
 Metaspace       used 27228K, capacity 28131K, committed 29312K, reserved 1075200K
  class space    used 2901K, capacity 3215K, committed 3456K, reserved 1048576K
}
Event: 12.083 GC heap after
{Heap after GC invocations=19 (full 0):
 garbage-first heap   total 138240K, used 80871K [0x0000000081c00000, 0x0000000100000000)
  region size 1024K, 5 young (5120K), 5 survivors (5120K)
 Metaspace       used 27228K, capacity 28131K, committed 29312K, reserved 1075200K
  class space    used 2901K, capacity 3215K, committed 3456K, reserved 1048576K
}
Event: 12.095 GC heap before
{Heap before GC invocations=19 (full 0):
 garbage-first heap   total 138240K, used 80871K [0x0000000081c00000, 0x0000000100000000)
  region size 1024K, 6 young (6144K), 5 survivors (5120K)
 Metaspace       used 27259K, capacity 28131K, committed 29312K, reserved 1075200K
  class space    used 2908K, capacity 3215K, committed 3456K, reserved 1048576K
}
Event: 12.100 GC heap after
{Heap after GC invocations=20 (full 0):
 garbage-first heap   total 165888K, used 79082K [0x0000000081c00000, 0x0000000100000000)
  region size 1024K, 1 young (1024K), 1 survivors (1024K)
 Metaspace       used 27259K, capacity 28131K, committed 29312K, reserved 1075200K
  class space    used 2908K, capacity 3215K, committed 3456K, reserved 1048576K
}
Event: 12.648 GC heap before
{Heap before GC invocations=20 (full 0):
 garbage-first heap   total 165888K, used 119018K [0x0000000081c00000, 0x0000000100000000)
  region size 1024K, 41 young (41984K), 1 survivors (1024K)
 Metaspace       used 28548K, capacity 29396K, committed 29568K, reserved 1075200K
  class space    used 3032K, capacity 3359K, committed 3456K, reserved 1048576K
}
Event: 12.653 GC heap after
{Heap after GC invocations=21 (full 0):
 garbage-first heap   total 165888K, used 79026K [0x0000000081c00000, 0x0000000100000000)
  region size 1024K, 2 young (2048K), 2 survivors (2048K)
 Metaspace       used 28548K, capacity 29396K, committed 29568K, reserved 1075200K
  class space    used 3032K, capacity 3359K, committed 3456K, reserved 1048576K
}

